Mono path[0] = 'D:/hydra/Hollow Knight Silksong (2025)/Hollow Knight Silksong/Hollow Knight Silksong_Data/Managed'
Mono config path = 'D:/hydra/Hollow Knight Silksong (2025)/Hollow Knight Silksong/MonoBleedingEdge/etc'
Input System module state changed to: Initialized.
[Physics::Module] Initialized fallback backend.
[Physics::Module] Id: 0xdecafbad
Initialize engine version: 6000.0.50f1-uum-100966-branch1 (16f07294548e)
[Subsystems] Discovering subsystems at path D:/hydra/Hollow Knight Silksong (2025)/Hollow Knight Silksong/Hollow Knight Silksong_Data/UnitySubsystems
GfxDevice: creating device client; kGfxThreadingModeThreaded
Direct3D:
    Version:  Direct3D 11.0 [level 11.1]
    Renderer: NVIDIA GeForce GTX 960 (ID=0x1401)
    Vendor:   NVIDIA
    VRAM:     4040 MB
    Driver:   32.0.15.7283
Begin MonoManager ReloadAssembly
- Loaded All Assemblies, in  9.581 seconds
- Finished resetting the current domain, in  0.029 seconds
[Physics::Module] Selected backend.
[Physics::Module] Name: PhysX
[Physics::Module] Id: 0xf2b8ea05
[Physics::Module] SDK Version: 4.1.2
[Physics::Module] Integration Version: 1.0.0
[Physics::Module] Threading Mode: Multi-Threaded
<RI> Initializing input.
Using Windows.Gaming.Input
<RI> Input initialized.
Input System polling thread started.
<RI> Initialized touch support.
UnloadTime: 12.131000 ms
Steam initializing
Steam logged in as RUNE
Selected online subsystem SteamOnlineSubsystem
Steam stats received.
Unloading 5 Unused Serialized files (Serialized files now loaded: 528)
UnloadTime: 1.471600 ms
Discovered supported languages: DE, EN, ES, FR, IT, JA, KO, PT, RU, ZH
Loaded saved language code 'PT'
Restored language code 'PT'
Couldn't find a Game Manager, make sure one exists in the scene.
Couldn't find GameCameras, make sure one exists in the scene.
Unloading 51 unused Assets to reduce memory usage. Loaded Objects now: 6501.
Total: 23.756800 ms (FindLiveObjects: 0.274100 ms CreateObjectMapping: 0.253600 ms MarkObjects: 23.186000 ms  DeleteObjects: 0.039700 ms)

Unloading 1 Unused Serialized files (Serialized files now loaded: 528)
Unloading 1 unused Assets to reduce memory usage. Loaded Objects now: 6501.
Total: 4.257600 ms (FindLiveObjects: 0.384800 ms CreateObjectMapping: 0.414800 ms MarkObjects: 3.427900 ms  DeleteObjects: 0.029700 ms)

Couldn't find GameCameras, make sure one exists in the scene.
Unloading 2 Unused Serialized files (Serialized files now loaded: 582)
Couldn't find a Game Manager, make sure one exists in the scene.
UnloadTime: 7.588400 ms
Loaded saved language code 'PT'
Restored language code 'PT'
Unloading 73 unused Assets to reduce memory usage. Loaded Objects now: 67429.
Total: 40.371900 ms (FindLiveObjects: 4.454800 ms CreateObjectMapping: 5.674000 ms MarkObjects: 29.856100 ms  DeleteObjects: 0.386800 ms)

MenuButton missing flashEffect!
MenuButton missing flashEffect!
MenuButton missing flashEffect!
Making UI menu lean.
Only custom filters can be played. Please add a custom filter or an audioclip to the audiosource (Audio Player Actor Distant V2(Clone)).
Only custom filters can be played. Please add a custom filter or an audioclip to the audiosource (Audio Player Actor Distant V2(Clone)).
Only custom filters can be played. Please add a custom filter or an audioclip to the audiosource (Audio Player Actor Distant V2(Clone)).
Unloading 3 Unused Serialized files (Serialized files now loaded: 642)
Unloading 113 unused Assets to reduce memory usage. Loaded Objects now: 133771.
Total: 98.559900 ms (FindLiveObjects: 8.734900 ms CreateObjectMapping: 12.521800 ms MarkObjects: 76.335900 ms  DeleteObjects: 0.966900 ms)

Converting Vertex Colors from Color32 to Color.
Converting Vertex Colors from Color32 to Color.
Converting Vertex Colors from Color32 to Color.
Failed to data to C:/Users/ADM/AppData/LocalLow/Team Cherry/Hollow Knight Silksong\6144\shared.dat: System.IO.FileNotFoundException: Unable to find the specified file.
  at System.IO.FileSystem.ReplaceFile (System.String sourceFullPath, System.String destFullPath, System.String destBackupFullPath, System.Boolean ignoreMetadataErrors) [0x0002c] in <e19fb1224222436ca0871ff12e7fb293>:0 
  at System.IO.File.Replace (System.String sourceFileName, System.String destinationFileName, System.String destinationBackupFileName, System.Boolean ignoreMetadataErrors) [0x00034] in <e19fb1224222436ca0871ff12e7fb293>:0 
  at JsonSharedData.WriteAllBytesSafe (System.String path, System.Byte[] data) [0x00078] in <35f45ff2c83241c0ab51857388306087>:0 
