Mono path[0] = 'D:/hydra/Hollow Knight Silksong (2025)/Hollow Knight Silksong/Hollow Knight Silksong_Data/Managed'
Mono config path = 'D:/hydra/Hollow Knight Silksong (2025)/Hollow Knight Silksong/MonoBleedingEdge/etc'
Input System module state changed to: Initialized.
[Physics::Module] Initialized fallback backend.
[Physics::Module] Id: 0xdecafbad
Initialize engine version: 6000.0.50f1-uum-100966-branch1 (16f07294548e)
[Subsystems] Discovering subsystems at path D:/hydra/Hollow Knight Silksong (2025)/Hollow Knight Silksong/Hollow Knight Silksong_Data/UnitySubsystems
GfxDevice: creating device client; kGfxThreadingModeThreaded
Direct3D:
    Version:  Direct3D 11.0 [level 11.1]
    Renderer: NVIDIA GeForce GTX 960 (ID=0x1401)
    Vendor:   NVIDIA
    VRAM:     4040 MB
    Driver:   32.0.15.7283
Begin MonoManager ReloadAssembly
- Loaded All Assemblies, in  0.684 seconds
- Finished resetting the current domain, in  0.021 seconds
[Physics::Module] Selected backend.
[Physics::Module] Name: PhysX
[Physics::Module] Id: 0xf2b8ea05
[Physics::Module] SDK Version: 4.1.2
[Physics::Module] Integration Version: 1.0.0
[Physics::Module] Threading Mode: Multi-Threaded
<RI> Initializing input.
Using Windows.Gaming.Input
<RI> Input initialized.
<RI> Initialized touch support.
Input System polling thread started.
UnloadTime: 0.492400 ms
Steam initializing
Steam logged in as RUNE
Selected online subsystem SteamOnlineSubsystem
Steam stats received.
Unloading 5 Unused Serialized files (Serialized files now loaded: 528)
UnloadTime: 1.341600 ms
Discovered supported languages: DE, EN, ES, FR, IT, JA, KO, PT, RU, ZH
Loaded saved language code 'PT'
Restored language code 'PT'
Couldn't find a Game Manager, make sure one exists in the scene.
Couldn't find GameCameras, make sure one exists in the scene.
Unloading 51 unused Assets to reduce memory usage. Loaded Objects now: 6501.
Total: 4.239000 ms (FindLiveObjects: 0.360800 ms CreateObjectMapping: 0.386200 ms MarkObjects: 3.440000 ms  DeleteObjects: 0.045900 ms)

Unloading 2 Unused Serialized files (Serialized files now loaded: 528)
Unloading 1 unused Assets to reduce memory usage. Loaded Objects now: 13733.
Total: 6.860100 ms (FindLiveObjects: 0.590900 ms CreateObjectMapping: 0.909400 ms MarkObjects: 5.314900 ms  DeleteObjects: 0.044800 ms)

Unloading 1 Unused Serialized files (Serialized files now loaded: 582)
Couldn't find GameCameras, make sure one exists in the scene.
Couldn't find a Game Manager, make sure one exists in the scene.
UnloadTime: 6.897100 ms
Loaded saved language code 'PT'
Restored language code 'PT'
Unloading 73 unused Assets to reduce memory usage. Loaded Objects now: 67429.
Total: 42.597600 ms (FindLiveObjects: 4.030900 ms CreateObjectMapping: 6.656600 ms MarkObjects: 31.524200 ms  DeleteObjects: 0.385600 ms)

MenuButton missing flashEffect!
Making UI menu lean.
Only custom filters can be played. Please add a custom filter or an audioclip to the audiosource (Audio Player Actor Distant V2(Clone)).
Only custom filters can be played. Please add a custom filter or an audioclip to the audiosource (Audio Player Actor Distant V2(Clone)).
Only custom filters can be played. Please add a custom filter or an audioclip to the audiosource (Audio Player Actor Distant V2(Clone)).
Unloading 3 Unused Serialized files (Serialized files now loaded: 642)
Unloading 113 unused Assets to reduce memory usage. Loaded Objects now: 133771.
Total: 98.692800 ms (FindLiveObjects: 9.436800 ms CreateObjectMapping: 12.812100 ms MarkObjects: 75.343900 ms  DeleteObjects: 1.099600 ms)

Converting Vertex Colors from Color32 to Color.
Converting Vertex Colors from Color32 to Color.
Converting Vertex Colors from Color32 to Color.
Failed to data to C:/Users/ADM/AppData/LocalLow/Team Cherry/Hollow Knight Silksong\6144\shared.dat: System.IO.FileNotFoundException: Unable to find the specified file.
  at System.IO.FileSystem.ReplaceFile (System.String sourceFullPath, System.String destFullPath, System.String destBackupFullPath, System.Boolean ignoreMetadataErrors) [0x0002c] in <e19fb1224222436ca0871ff12e7fb293>:0 
  at System.IO.File.Replace (System.String sourceFileName, System.String destinationFileName, System.String destinationBackupFileName, System.Boolean ignoreMetadataErrors) [0x00034] in <e19fb1224222436ca0871ff12e7fb293>:0 
  at JsonSharedData.WriteAllBytesSafe (System.String path, System.Byte[] data) [0x00078] in <35f45ff2c83241c0ab51857388306087>:0 
Could Not Create Action: : Behaviour: Sing:  (Maybe the script was removed?)
Could Not Create Action: : Behaviour: Sing:  (Maybe the script was removed?)
Only custom filters can be played. Please add a custom filter or an audioclip to the audiosource (Audio Player Actor Distant V2(Clone)).
Only custom filters can be played. Please add a custom filter or an audioclip to the audiosource (Audio Player Actor Distant V2(Clone)).
Only custom filters can be played. Please add a custom filter or an audioclip to the audiosource (Audio Player Actor Distant V2(Clone)).
Only custom filters can be played. Please add a custom filter or an audioclip to the audiosource (Audio Player Actor Distant V2(Clone)).
Only custom filters can be played. Please add a custom filter or an audioclip to the audiosource (Audio Player Actor Distant V2(Clone)).
Cannot use 'linearVelocity' on a static body.
Can not play a disabled audio source
Failed to data to C:/Users/ADM/AppData/LocalLow/Team Cherry/Hollow Knight Silksong\6144\shared.dat: System.IO.FileNotFoundException: Unable to find the specified file.
  at System.IO.FileSystem.ReplaceFile (System.String sourceFullPath, System.String destFullPath, System.String destBackupFullPath, System.Boolean ignoreMetadataErrors) [0x0002c] in <e19fb1224222436ca0871ff12e7fb293>:0 
  at System.IO.File.Replace (System.String sourceFileName, System.String destinationFileName, System.String destinationBackupFileName, System.Boolean ignoreMetadataErrors) [0x00034] in <e19fb1224222436ca0871ff12e7fb293>:0 
  at JsonSharedData.WriteAllBytesSafe (System.String path, System.Byte[] data) [0x00078] in <35f45ff2c83241c0ab51857388306087>:0 
Failed to data to C:/Users/ADM/AppData/LocalLow/Team Cherry/Hollow Knight Silksong\6144\shared.dat: System.IO.FileNotFoundException: Unable to find the specified file.
  at System.IO.FileSystem.ReplaceFile (System.String sourceFullPath, System.String destFullPath, System.String destBackupFullPath, System.Boolean ignoreMetadataErrors) [0x0002c] in <e19fb1224222436ca0871ff12e7fb293>:0 
  at System.IO.File.Replace (System.String sourceFileName, System.String destinationFileName, System.String destinationBackupFileName, System.Boolean ignoreMetadataErrors) [0x00034] in <e19fb1224222436ca0871ff12e7fb293>:0 
  at JsonSharedData.WriteAllBytesSafe (System.String path, System.Byte[] data) [0x00078] in <35f45ff2c83241c0ab51857388306087>:0 
PlayOneShot was called with a null AudioClip.
PlayOneShot was called with a null AudioClip.
PlayOneShot was called with a null AudioClip.
PlayOneShot was called with a null AudioClip.
PlayOneShot was called with a null AudioClip.
PlayOneShot was called with a null AudioClip.
Cannot set the parent of the GameObject 'Tele Marker' while activating or deactivating the parent GameObject 'Shakra Fighter'.
Cannot set the parent of the GameObject 'Centre Marker' while activating or deactivating the parent GameObject 'Shakra Fighter'.
Failed to data to C:/Users/ADM/AppData/LocalLow/Team Cherry/Hollow Knight Silksong\6144\shared.dat: System.IO.FileNotFoundException: Unable to find the specified file.
  at System.IO.FileSystem.ReplaceFile (System.String sourceFullPath, System.String destFullPath, System.String destBackupFullPath, System.Boolean ignoreMetadataErrors) [0x0002c] in <e19fb1224222436ca0871ff12e7fb293>:0 
  at System.IO.File.Replace (System.String sourceFileName, System.String destinationFileName, System.String destinationBackupFileName, System.Boolean ignoreMetadataErrors) [0x00034] in <e19fb1224222436ca0871ff12e7fb293>:0 
  at JsonSharedData.WriteAllBytesSafe (System.String path, System.Byte[] data) [0x00078] in <35f45ff2c83241c0ab51857388306087>:0 
Can not play a disabled audio source
Unloading 1 Unused Serialized files (Serialized files now loaded: 594)
Unloading 7137 unused Assets to reduce memory usage. Loaded Objects now: 135431.
Total: 193.651600 ms (FindLiveObjects: 11.826600 ms CreateObjectMapping: 10.223300 ms MarkObjects: 117.771900 ms  DeleteObjects: 53.829200 ms)

PlayOneShot was called with a null AudioClip.
PlayOneShot was called with a null AudioClip.
PlayOneShot was called with a null AudioClip.
PlayOneShot was called with a null AudioClip.
Cannot set the parent of the GameObject 'Tele Marker' while activating or deactivating the parent GameObject 'Shakra Fighter'.
Cannot set the parent of the GameObject 'Centre Marker' while activating or deactivating the parent GameObject 'Shakra Fighter'.
PlayOneShot was called with a null AudioClip.
PlayOneShot was called with a null AudioClip.
Cannot set the parent of the GameObject 'Pt Emerge' while activating or deactivating the parent GameObject 'Gilly'.
Failed to data to C:/Users/ADM/AppData/LocalLow/Team Cherry/Hollow Knight Silksong\6144\shared.dat: System.IO.FileNotFoundException: Unable to find the specified file.
  at System.IO.FileSystem.ReplaceFile (System.String sourceFullPath, System.String destFullPath, System.String destBackupFullPath, System.Boolean ignoreMetadataErrors) [0x0002c] in <e19fb1224222436ca0871ff12e7fb293>:0 
  at System.IO.File.Replace (System.String sourceFileName, System.String destinationFileName, System.String destinationBackupFileName, System.Boolean ignoreMetadataErrors) [0x00034] in <e19fb1224222436ca0871ff12e7fb293>:0 
  at JsonSharedData.WriteAllBytesSafe (System.String path, System.Byte[] data) [0x00078] in <35f45ff2c83241c0ab51857388306087>:0 
PlayOneShot was called with a null AudioClip.
PlayOneShot was called with a null AudioClip.
PlayOneShot was called with a null AudioClip.
PlayOneShot was called with a null AudioClip.
PlayOneShot was called with a null AudioClip.
PlayOneShot was called with a null AudioClip.
PlayOneShot was called with a null AudioClip.
PlayOneShot was called with a null AudioClip.
PlayOneShot was called with a null AudioClip.
Failed to data to C:/Users/ADM/AppData/LocalLow/Team Cherry/Hollow Knight Silksong\6144\shared.dat: System.IO.FileNotFoundException: Unable to find the specified file.
  at System.IO.FileSystem.ReplaceFile (System.String sourceFullPath, System.String destFullPath, System.String destBackupFullPath, System.Boolean ignoreMetadataErrors) [0x0002c] in <e19fb1224222436ca0871ff12e7fb293>:0 
  at System.IO.File.Replace (System.String sourceFileName, System.String destinationFileName, System.String destinationBackupFileName, System.Boolean ignoreMetadataErrors) [0x00034] in <e19fb1224222436ca0871ff12e7fb293>:0 
  at JsonSharedData.WriteAllBytesSafe (System.String path, System.Byte[] data) [0x00078] in <35f45ff2c83241c0ab51857388306087>:0 
Cannot set the parent of the GameObject 'Pt Emerge' while activating or deactivating the parent GameObject 'Gilly'.
Unloading 1 Unused Serialized files (Serialized files now loaded: 583)
Unloading 4348 unused Assets to reduce memory usage. Loaded Objects now: 128812.
Total: 124.404300 ms (FindLiveObjects: 9.780900 ms CreateObjectMapping: 13.095500 ms MarkObjects: 72.205800 ms  DeleteObjects: 29.321800 ms)

PlayOneShot was called with a null AudioClip.
PlayOneShot was called with a null AudioClip.
PlayOneShot was called with a null AudioClip.
Failed to data to C:/Users/ADM/AppData/LocalLow/Team Cherry/Hollow Knight Silksong\6144\shared.dat: System.IO.FileNotFoundException: Unable to find the specified file.
  at System.IO.FileSystem.ReplaceFile (System.String sourceFullPath, System.String destFullPath, System.String destBackupFullPath, System.Boolean ignoreMetadataErrors) [0x0002c] in <e19fb1224222436ca0871ff12e7fb293>:0 
  at System.IO.File.Replace (System.String sourceFileName, System.String destinationFileName, System.String destinationBackupFileName, System.Boolean ignoreMetadataErrors) [0x00034] in <e19fb1224222436ca0871ff12e7fb293>:0 
  at JsonSharedData.WriteAllBytesSafe (System.String path, System.Byte[] data) [0x00078] in <35f45ff2c83241c0ab51857388306087>:0 
Cannot set the parent of the GameObject 'Pt Emerge' while activating or deactivating the parent GameObject 'Gilly'.
Unloading 1 Unused Serialized files (Serialized files now loaded: 583)
Unloading 1183 unused Assets to reduce memory usage. Loaded Objects now: 128865.
Total: 103.954900 ms (FindLiveObjects: 8.768100 ms CreateObjectMapping: 8.187200 ms MarkObjects: 80.055000 ms  DeleteObjects: 6.944100 ms)

PlayOneShot was called with a null AudioClip.
PlayOneShot was called with a null AudioClip.
PlayOneShot was called with a null AudioClip.
PlayOneShot was called with a null AudioClip.
PlayOneShot was called with a null AudioClip.
PlayOneShot was called with a null AudioClip.
PlayOneShot was called with a null AudioClip.
Failed to data to C:/Users/ADM/AppData/LocalLow/Team Cherry/Hollow Knight Silksong\6144\shared.dat: System.IO.FileNotFoundException: Unable to find the specified file.
  at System.IO.FileSystem.ReplaceFile (System.String sourceFullPath, System.String destFullPath, System.String destBackupFullPath, System.Boolean ignoreMetadataErrors) [0x0002c] in <e19fb1224222436ca0871ff12e7fb293>:0 
  at System.IO.File.Replace (System.String sourceFileName, System.String destinationFileName, System.String destinationBackupFileName, System.Boolean ignoreMetadataErrors) [0x00034] in <e19fb1224222436ca0871ff12e7fb293>:0 
  at JsonSharedData.WriteAllBytesSafe (System.String path, System.Byte[] data) [0x00078] in <35f45ff2c83241c0ab51857388306087>:0 
Cannot set the parent of the GameObject 'Pt Emerge' while activating or deactivating the parent GameObject 'Gilly'.
Unloading 1 Unused Serialized files (Serialized files now loaded: 583)
Unloading 1180 unused Assets to reduce memory usage. Loaded Objects now: 128894.
Total: 107.600100 ms (FindLiveObjects: 9.759800 ms CreateObjectMapping: 8.826200 ms MarkObjects: 81.439400 ms  DeleteObjects: 7.574400 ms)

PlayOneShot was called with a null AudioClip.
PlayOneShot was called with a null AudioClip.
Failed to data to C:/Users/ADM/AppData/LocalLow/Team Cherry/Hollow Knight Silksong\6144\shared.dat: System.IO.FileNotFoundException: Unable to find the specified file.
  at System.IO.FileSystem.ReplaceFile (System.String sourceFullPath, System.String destFullPath, System.String destBackupFullPath, System.Boolean ignoreMetadataErrors) [0x0002c] in <e19fb1224222436ca0871ff12e7fb293>:0 
  at System.IO.File.Replace (System.String sourceFileName, System.String destinationFileName, System.String destinationBackupFileName, System.Boolean ignoreMetadataErrors) [0x00034] in <e19fb1224222436ca0871ff12e7fb293>:0 
  at JsonSharedData.WriteAllBytesSafe (System.String path, System.Byte[] data) [0x00078] in <35f45ff2c83241c0ab51857388306087>:0 
Cannot set the parent of the GameObject 'Pt Emerge' while activating or deactivating the parent GameObject 'Gilly'.
Unloading 1 Unused Serialized files (Serialized files now loaded: 583)
Unloading 1045 unused Assets to reduce memory usage. Loaded Objects now: 128964.
Total: 108.254600 ms (FindLiveObjects: 9.226900 ms CreateObjectMapping: 8.354300 ms MarkObjects: 85.382000 ms  DeleteObjects: 5.291000 ms)

PlayOneShot was called with a null AudioClip.
PlayOneShot was called with a null AudioClip.
PlayOneShot was called with a null AudioClip.
PlayOneShot was called with a null AudioClip.
Failed to data to C:/Users/ADM/AppData/LocalLow/Team Cherry/Hollow Knight Silksong\6144\shared.dat: System.IO.FileNotFoundException: Unable to find the specified file.
  at System.IO.FileSystem.ReplaceFile (System.String sourceFullPath, System.String destFullPath, System.String destBackupFullPath, System.Boolean ignoreMetadataErrors) [0x0002c] in <e19fb1224222436ca0871ff12e7fb293>:0 
  at System.IO.File.Replace (System.String sourceFileName, System.String destinationFileName, System.String destinationBackupFileName, System.Boolean ignoreMetadataErrors) [0x00034] in <e19fb1224222436ca0871ff12e7fb293>:0 
  at JsonSharedData.WriteAllBytesSafe (System.String path, System.Byte[] data) [0x00078] in <35f45ff2c83241c0ab51857388306087>:0 
Cannot set the parent of the GameObject 'Pt Emerge' while activating or deactivating the parent GameObject 'Gilly'.
Unloading 1 Unused Serialized files (Serialized files now loaded: 583)
Unloading 1087 unused Assets to reduce memory usage. Loaded Objects now: 128944.
Total: 112.980100 ms (FindLiveObjects: 10.388300 ms CreateObjectMapping: 9.026300 ms MarkObjects: 86.265400 ms  DeleteObjects: 7.299900 ms)

PlayOneShot was called with a null AudioClip.
PlayOneShot was called with a null AudioClip.
PlayOneShot was called with a null AudioClip.
PlayOneShot was called with a null AudioClip.
PlayOneShot was called with a null AudioClip.
PlayOneShot was called with a null AudioClip.
PlayOneShot was called with a null AudioClip.
Failed to data to C:/Users/ADM/AppData/LocalLow/Team Cherry/Hollow Knight Silksong\6144\shared.dat: System.IO.FileNotFoundException: Unable to find the specified file.
  at System.IO.FileSystem.ReplaceFile (System.String sourceFullPath, System.String destFullPath, System.String destBackupFullPath, System.Boolean ignoreMetadataErrors) [0x0002c] in <e19fb1224222436ca0871ff12e7fb293>:0 
  at System.IO.File.Replace (System.String sourceFileName, System.String destinationFileName, System.String destinationBackupFileName, System.Boolean ignoreMetadataErrors) [0x00034] in <e19fb1224222436ca0871ff12e7fb293>:0 
  at JsonSharedData.WriteAllBytesSafe (System.String path, System.Byte[] data) [0x00078] in <35f45ff2c83241c0ab51857388306087>:0 
Cannot set the parent of the GameObject 'Pt Emerge' while activating or deactivating the parent GameObject 'Gilly'.
Unloading 1 Unused Serialized files (Serialized files now loaded: 583)
Unloading 1088 unused Assets to reduce memory usage. Loaded Objects now: 128968.
Total: 107.636900 ms (FindLiveObjects: 9.067600 ms CreateObjectMapping: 8.823200 ms MarkObjects: 83.379200 ms  DeleteObjects: 6.366600 ms)

PlayOneShot was called with a null AudioClip.
PlayOneShot was called with a null AudioClip.
PlayOneShot was called with a null AudioClip.
PlayOneShot was called with a null AudioClip.
Failed to data to C:/Users/ADM/AppData/LocalLow/Team Cherry/Hollow Knight Silksong\6144\shared.dat: System.IO.FileNotFoundException: Unable to find the specified file.
  at System.IO.FileSystem.ReplaceFile (System.String sourceFullPath, System.String destFullPath, System.String destBackupFullPath, System.Boolean ignoreMetadataErrors) [0x0002c] in <e19fb1224222436ca0871ff12e7fb293>:0 
  at System.IO.File.Replace (System.String sourceFileName, System.String destinationFileName, System.String destinationBackupFileName, System.Boolean ignoreMetadataErrors) [0x00034] in <e19fb1224222436ca0871ff12e7fb293>:0 
  at JsonSharedData.WriteAllBytesSafe (System.String path, System.Byte[] data) [0x00078] in <35f45ff2c83241c0ab51857388306087>:0 
Cannot set the parent of the GameObject 'Pt Emerge' while activating or deactivating the parent GameObject 'Gilly'.
Unloading 1 Unused Serialized files (Serialized files now loaded: 583)
Unloading 1088 unused Assets to reduce memory usage. Loaded Objects now: 128991.
Total: 109.666900 ms (FindLiveObjects: 9.163500 ms CreateObjectMapping: 8.444700 ms MarkObjects: 85.565200 ms  DeleteObjects: 6.493300 ms)

PlayOneShot was called with a null AudioClip.
PlayOneShot was called with a null AudioClip.
PlayOneShot was called with a null AudioClip.
Failed to data to C:/Users/ADM/AppData/LocalLow/Team Cherry/Hollow Knight Silksong\6144\shared.dat: System.IO.FileNotFoundException: Unable to find the specified file.
  at System.IO.FileSystem.ReplaceFile (System.String sourceFullPath, System.String destFullPath, System.String destBackupFullPath, System.Boolean ignoreMetadataErrors) [0x0002c] in <e19fb1224222436ca0871ff12e7fb293>:0 
  at System.IO.File.Replace (System.String sourceFileName, System.String destinationFileName, System.String destinationBackupFileName, System.Boolean ignoreMetadataErrors) [0x00034] in <e19fb1224222436ca0871ff12e7fb293>:0 
  at JsonSharedData.WriteAllBytesSafe (System.String path, System.Byte[] data) [0x00078] in <35f45ff2c83241c0ab51857388306087>:0 
PlayOneShot was called with a null AudioClip.
PlayOneShot was called with a null AudioClip.
PlayOneShot was called with a null AudioClip.
Cannot set the parent of the GameObject 'Pt Emerge' while activating or deactivating the parent GameObject 'Gilly'.
Unloading 1 Unused Serialized files (Serialized files now loaded: 583)
Unloading 1088 unused Assets to reduce memory usage. Loaded Objects now: 129014.
Total: 113.151800 ms (FindLiveObjects: 9.846100 ms CreateObjectMapping: 9.836600 ms MarkObjects: 86.603000 ms  DeleteObjects: 6.865500 ms)

PlayOneShot was called with a null AudioClip.
Cannot set the parent of the GameObject 'Pt Emerge' while activating or deactivating the parent GameObject 'Gilly'.
Failed to data to C:/Users/ADM/AppData/LocalLow/Team Cherry/Hollow Knight Silksong\6144\shared.dat: System.IO.FileNotFoundException: Unable to find the specified file.
  at System.IO.FileSystem.ReplaceFile (System.String sourceFullPath, System.String destFullPath, System.String destBackupFullPath, System.Boolean ignoreMetadataErrors) [0x0002c] in <e19fb1224222436ca0871ff12e7fb293>:0 
  at System.IO.File.Replace (System.String sourceFileName, System.String destinationFileName, System.String destinationBackupFileName, System.Boolean ignoreMetadataErrors) [0x00034] in <e19fb1224222436ca0871ff12e7fb293>:0 
  at JsonSharedData.WriteAllBytesSafe (System.String path, System.Byte[] data) [0x00078] in <35f45ff2c83241c0ab51857388306087>:0 
PlayOneShot was called with a null AudioClip.
PlayOneShot was called with a null AudioClip.
PlayOneShot was called with a null AudioClip.
PlayOneShot was called with a null AudioClip.
PlayOneShot was called with a null AudioClip.
PlayOneShot was called with a null AudioClip.
Failed to data to C:/Users/ADM/AppData/LocalLow/Team Cherry/Hollow Knight Silksong\6144\shared.dat: System.IO.FileNotFoundException: Unable to find the specified file.
  at System.IO.FileSystem.ReplaceFile (System.String sourceFullPath, System.String destFullPath, System.String destBackupFullPath, System.Boolean ignoreMetadataErrors) [0x0002c] in <e19fb1224222436ca0871ff12e7fb293>:0 
  at System.IO.File.Replace (System.String sourceFileName, System.String destinationFileName, System.String destinationBackupFileName, System.Boolean ignoreMetadataErrors) [0x00034] in <e19fb1224222436ca0871ff12e7fb293>:0 
  at JsonSharedData.WriteAllBytesSafe (System.String path, System.Byte[] data) [0x00078] in <35f45ff2c83241c0ab51857388306087>:0 
Cannot set the parent of the GameObject 'Pt Emerge' while activating or deactivating the parent GameObject 'Gilly'.
Unloading 1 Unused Serialized files (Serialized files now loaded: 583)
Unloading 1090 unused Assets to reduce memory usage. Loaded Objects now: 129043.
Total: 96.307600 ms (FindLiveObjects: 10.019900 ms CreateObjectMapping: 8.706600 ms MarkObjects: 70.497700 ms  DeleteObjects: 7.083200 ms)

Cannot set the parent of the GameObject 'Pt Emerge' while activating or deactivating the parent GameObject 'Gilly'.
Failed to data to C:/Users/ADM/AppData/LocalLow/Team Cherry/Hollow Knight Silksong\6144\shared.dat: System.IO.FileNotFoundException: Unable to find the specified file.
  at System.IO.FileSystem.ReplaceFile (System.String sourceFullPath, System.String destFullPath, System.String destBackupFullPath, System.Boolean ignoreMetadataErrors) [0x0002c] in <e19fb1224222436ca0871ff12e7fb293>:0 
  at System.IO.File.Replace (System.String sourceFileName, System.String destinationFileName, System.String destinationBackupFileName, System.Boolean ignoreMetadataErrors) [0x00034] in <e19fb1224222436ca0871ff12e7fb293>:0 
  at JsonSharedData.WriteAllBytesSafe (System.String path, System.Byte[] data) [0x00078] in <35f45ff2c83241c0ab51857388306087>:0 
PlayOneShot was called with a null AudioClip.
PlayOneShot was called with a null AudioClip.
PlayOneShot was called with a null AudioClip.
PlayOneShot was called with a null AudioClip.
Failed to data to C:/Users/ADM/AppData/LocalLow/Team Cherry/Hollow Knight Silksong\6144\shared.dat: System.IO.FileNotFoundException: Unable to find the specified file.
  at System.IO.FileSystem.ReplaceFile (System.String sourceFullPath, System.String destFullPath, System.String destBackupFullPath, System.Boolean ignoreMetadataErrors) [0x0002c] in <e19fb1224222436ca0871ff12e7fb293>:0 
  at System.IO.File.Replace (System.String sourceFileName, System.String destinationFileName, System.String destinationBackupFileName, System.Boolean ignoreMetadataErrors) [0x00034] in <e19fb1224222436ca0871ff12e7fb293>:0 
  at JsonSharedData.WriteAllBytesSafe (System.String path, System.Byte[] data) [0x00078] in <35f45ff2c83241c0ab51857388306087>:0 
PlayOneShot was called with a null AudioClip.
Cannot set the parent of the GameObject 'Pt Emerge' while activating or deactivating the parent GameObject 'Gilly'.
Unloading 1 Unused Serialized files (Serialized files now loaded: 583)
Unloading 1093 unused Assets to reduce memory usage. Loaded Objects now: 129094.
Total: 136.013600 ms (FindLiveObjects: 10.176500 ms CreateObjectMapping: 8.875800 ms MarkObjects: 109.734100 ms  DeleteObjects: 7.227000 ms)

PlayOneShot was called with a null AudioClip.
PlayOneShot was called with a null AudioClip.
PlayOneShot was called with a null AudioClip.
PlayOneShot was called with a null AudioClip.
Failed to data to C:/Users/ADM/AppData/LocalLow/Team Cherry/Hollow Knight Silksong\6144\shared.dat: System.IO.FileNotFoundException: Unable to find the specified file.
  at System.IO.FileSystem.ReplaceFile (System.String sourceFullPath, System.String destFullPath, System.String destBackupFullPath, System.Boolean ignoreMetadataErrors) [0x0002c] in <e19fb1224222436ca0871ff12e7fb293>:0 
  at System.IO.File.Replace (System.String sourceFileName, System.String destinationFileName, System.String destinationBackupFileName, System.Boolean ignoreMetadataErrors) [0x00034] in <e19fb1224222436ca0871ff12e7fb293>:0 
  at JsonSharedData.WriteAllBytesSafe (System.String path, System.Byte[] data) [0x00078] in <35f45ff2c83241c0ab51857388306087>:0 
Cannot set the parent of the GameObject 'Pt Emerge' while activating or deactivating the parent GameObject 'Gilly'.
Unloading 1 Unused Serialized files (Serialized files now loaded: 583)
Unloading 1045 unused Assets to reduce memory usage. Loaded Objects now: 129160.
Total: 95.985000 ms (FindLiveObjects: 9.145100 ms CreateObjectMapping: 8.416800 ms MarkObjects: 72.950000 ms  DeleteObjects: 5.472800 ms)

PlayOneShot was called with a null AudioClip.
PlayOneShot was called with a null AudioClip.
PlayOneShot was called with a null AudioClip.
PlayOneShot was called with a null AudioClip.
PlayOneShot was called with a null AudioClip.
PlayOneShot was called with a null AudioClip.
PlayOneShot was called with a null AudioClip.
PlayOneShot was called with a null AudioClip.
PlayOneShot was called with a null AudioClip.
Failed to data to C:/Users/ADM/AppData/LocalLow/Team Cherry/Hollow Knight Silksong\6144\shared.dat: System.IO.FileNotFoundException: Unable to find the specified file.
  at System.IO.FileSystem.ReplaceFile (System.String sourceFullPath, System.String destFullPath, System.String destBackupFullPath, System.Boolean ignoreMetadataErrors) [0x0002c] in <e19fb1224222436ca0871ff12e7fb293>:0 
  at System.IO.File.Replace (System.String sourceFileName, System.String destinationFileName, System.String destinationBackupFileName, System.Boolean ignoreMetadataErrors) [0x00034] in <e19fb1224222436ca0871ff12e7fb293>:0 
  at JsonSharedData.WriteAllBytesSafe (System.String path, System.Byte[] data) [0x00078] in <35f45ff2c83241c0ab51857388306087>:0 
Cannot set the parent of the GameObject 'Pt Emerge' while activating or deactivating the parent GameObject 'Gilly'.
Unloading 1 Unused Serialized files (Serialized files now loaded: 583)
Unloading 1087 unused Assets to reduce memory usage. Loaded Objects now: 129140.
Total: 98.242900 ms (FindLiveObjects: 9.067900 ms CreateObjectMapping: 8.640800 ms MarkObjects: 73.539900 ms  DeleteObjects: 6.993400 ms)

PlayOneShot was called with a null AudioClip.
PlayOneShot was called with a null AudioClip.
PlayOneShot was called with a null AudioClip.
Failed to data to C:/Users/ADM/AppData/LocalLow/Team Cherry/Hollow Knight Silksong\6144\shared.dat: System.IO.FileNotFoundException: Unable to find the specified file.
  at System.IO.FileSystem.ReplaceFile (System.String sourceFullPath, System.String destFullPath, System.String destBackupFullPath, System.Boolean ignoreMetadataErrors) [0x0002c] in <e19fb1224222436ca0871ff12e7fb293>:0 
  at System.IO.File.Replace (System.String sourceFileName, System.String destinationFileName, System.String destinationBackupFileName, System.Boolean ignoreMetadataErrors) [0x00034] in <e19fb1224222436ca0871ff12e7fb293>:0 
  at JsonSharedData.WriteAllBytesSafe (System.String path, System.Byte[] data) [0x00078] in <35f45ff2c83241c0ab51857388306087>:0 
Cannot set the parent of the GameObject 'Pt Emerge' while activating or deactivating the parent GameObject 'Gilly'.
Unloading 1 Unused Serialized files (Serialized files now loaded: 583)
Unloading 1088 unused Assets to reduce memory usage. Loaded Objects now: 129163.
Total: 100.191500 ms (FindLiveObjects: 9.815300 ms CreateObjectMapping: 8.808000 ms MarkObjects: 74.288900 ms  DeleteObjects: 7.279000 ms)

PlayOneShot was called with a null AudioClip.
Failed to data to C:/Users/ADM/AppData/LocalLow/Team Cherry/Hollow Knight Silksong\6144\shared.dat: System.IO.FileNotFoundException: Unable to find the specified file.
  at System.IO.FileSystem.ReplaceFile (System.String sourceFullPath, System.String destFullPath, System.String destBackupFullPath, System.Boolean ignoreMetadataErrors) [0x0002c] in <e19fb1224222436ca0871ff12e7fb293>:0 
  at System.IO.File.Replace (System.String sourceFileName, System.String destinationFileName, System.String destinationBackupFileName, System.Boolean ignoreMetadataErrors) [0x00034] in <e19fb1224222436ca0871ff12e7fb293>:0 
  at JsonSharedData.WriteAllBytesSafe (System.String path, System.Byte[] data) [0x00078] in <35f45ff2c83241c0ab51857388306087>:0 
Cannot set the parent of the GameObject 'Pt Emerge' while activating or deactivating the parent GameObject 'Gilly'.
Unloading 1 Unused Serialized files (Serialized files now loaded: 583)
Unloading 1088 unused Assets to reduce memory usage. Loaded Objects now: 129188.
Total: 98.729600 ms (FindLiveObjects: 9.428000 ms CreateObjectMapping: 8.544500 ms MarkObjects: 73.658200 ms  DeleteObjects: 7.098400 ms)

PlayOneShot was called with a null AudioClip.
Failed to data to C:/Users/ADM/AppData/LocalLow/Team Cherry/Hollow Knight Silksong\6144\shared.dat: System.IO.FileNotFoundException: Unable to find the specified file.
  at System.IO.FileSystem.ReplaceFile (System.String sourceFullPath, System.String destFullPath, System.String destBackupFullPath, System.Boolean ignoreMetadataErrors) [0x0002c] in <e19fb1224222436ca0871ff12e7fb293>:0 
  at System.IO.File.Replace (System.String sourceFileName, System.String destinationFileName, System.String destinationBackupFileName, System.Boolean ignoreMetadataErrors) [0x00034] in <e19fb1224222436ca0871ff12e7fb293>:0 
  at JsonSharedData.WriteAllBytesSafe (System.String path, System.Byte[] data) [0x00078] in <35f45ff2c83241c0ab51857388306087>:0 
Cannot set the parent of the GameObject 'Pt Emerge' while activating or deactivating the parent GameObject 'Gilly'.
Unloading 1 Unused Serialized files (Serialized files now loaded: 583)
Unloading 1088 unused Assets to reduce memory usage. Loaded Objects now: 129211.
Total: 99.905600 ms (FindLiveObjects: 9.098800 ms CreateObjectMapping: 8.971200 ms MarkObjects: 75.494600 ms  DeleteObjects: 6.340500 ms)

PlayOneShot was called with a null AudioClip.
PlayOneShot was called with a null AudioClip.
Failed to data to C:/Users/ADM/AppData/LocalLow/Team Cherry/Hollow Knight Silksong\6144\shared.dat: System.IO.FileNotFoundException: Unable to find the specified file.
  at System.IO.FileSystem.ReplaceFile (System.String sourceFullPath, System.String destFullPath, System.String destBackupFullPath, System.Boolean ignoreMetadataErrors) [0x0002c] in <e19fb1224222436ca0871ff12e7fb293>:0 
  at System.IO.File.Replace (System.String sourceFileName, System.String destinationFileName, System.String destinationBackupFileName, System.Boolean ignoreMetadataErrors) [0x00034] in <e19fb1224222436ca0871ff12e7fb293>:0 
  at JsonSharedData.WriteAllBytesSafe (System.String path, System.Byte[] data) [0x00078] in <35f45ff2c83241c0ab51857388306087>:0 
Cannot set the parent of the GameObject 'Pt Emerge' while activating or deactivating the parent GameObject 'Gilly'.
Unloading 1 Unused Serialized files (Serialized files now loaded: 583)
Unloading 1088 unused Assets to reduce memory usage. Loaded Objects now: 129234.
Total: 109.063800 ms (FindLiveObjects: 10.618700 ms CreateObjectMapping: 9.261700 ms MarkObjects: 81.685400 ms  DeleteObjects: 7.497200 ms)

PlayOneShot was called with a null AudioClip.
PlayOneShot was called with a null AudioClip.
Failed to data to C:/Users/ADM/AppData/LocalLow/Team Cherry/Hollow Knight Silksong\6144\shared.dat: System.IO.FileNotFoundException: Unable to find the specified file.
  at System.IO.FileSystem.ReplaceFile (System.String sourceFullPath, System.String destFullPath, System.String destBackupFullPath, System.Boolean ignoreMetadataErrors) [0x0002c] in <e19fb1224222436ca0871ff12e7fb293>:0 
  at System.IO.File.Replace (System.String sourceFileName, System.String destinationFileName, System.String destinationBackupFileName, System.Boolean ignoreMetadataErrors) [0x00034] in <e19fb1224222436ca0871ff12e7fb293>:0 
  at JsonSharedData.WriteAllBytesSafe (System.String path, System.Byte[] data) [0x00078] in <35f45ff2c83241c0ab51857388306087>:0 
Cannot set the parent of the GameObject 'Pt Emerge' while activating or deactivating the parent GameObject 'Gilly'.
Unloading 1 Unused Serialized files (Serialized files now loaded: 583)
Unloading 1088 unused Assets to reduce memory usage. Loaded Objects now: 129263.
Total: 109.623600 ms (FindLiveObjects: 9.327800 ms CreateObjectMapping: 8.948100 ms MarkObjects: 84.812000 ms  DeleteObjects: 6.535300 ms)

PlayOneShot was called with a null AudioClip.
PlayOneShot was called with a null AudioClip.
PlayOneShot was called with a null AudioClip.
PlayOneShot was called with a null AudioClip.
PlayOneShot was called with a null AudioClip.
PlayOneShot was called with a null AudioClip.
PlayOneShot was called with a null AudioClip.
PlayOneShot was called with a null AudioClip.
PlayOneShot was called with a null AudioClip.
Failed to data to C:/Users/ADM/AppData/LocalLow/Team Cherry/Hollow Knight Silksong\6144\shared.dat: System.IO.FileNotFoundException: Unable to find the specified file.
  at System.IO.FileSystem.ReplaceFile (System.String sourceFullPath, System.String destFullPath, System.String destBackupFullPath, System.Boolean ignoreMetadataErrors) [0x0002c] in <e19fb1224222436ca0871ff12e7fb293>:0 
  at System.IO.File.Replace (System.String sourceFileName, System.String destinationFileName, System.String destinationBackupFileName, System.Boolean ignoreMetadataErrors) [0x00034] in <e19fb1224222436ca0871ff12e7fb293>:0 
  at JsonSharedData.WriteAllBytesSafe (System.String path, System.Byte[] data) [0x00078] in <35f45ff2c83241c0ab51857388306087>:0 
Cannot set the parent of the GameObject 'Pt Emerge' while activating or deactivating the parent GameObject 'Gilly'.
Unloading 1 Unused Serialized files (Serialized files now loaded: 583)
Unloading 1088 unused Assets to reduce memory usage. Loaded Objects now: 129286.
Total: 112.170100 ms (FindLiveObjects: 10.048800 ms CreateObjectMapping: 8.552800 ms MarkObjects: 87.315800 ms  DeleteObjects: 6.252200 ms)

PlayOneShot was called with a null AudioClip.
PlayOneShot was called with a null AudioClip.
PlayOneShot was called with a null AudioClip.
PlayOneShot was called with a null AudioClip.
PlayOneShot was called with a null AudioClip.
Failed to data to C:/Users/ADM/AppData/LocalLow/Team Cherry/Hollow Knight Silksong\6144\shared.dat: System.IO.FileNotFoundException: Unable to find the specified file.
  at System.IO.FileSystem.ReplaceFile (System.String sourceFullPath, System.String destFullPath, System.String destBackupFullPath, System.Boolean ignoreMetadataErrors) [0x0002c] in <e19fb1224222436ca0871ff12e7fb293>:0 
  at System.IO.File.Replace (System.String sourceFileName, System.String destinationFileName, System.String destinationBackupFileName, System.Boolean ignoreMetadataErrors) [0x00034] in <e19fb1224222436ca0871ff12e7fb293>:0 
  at JsonSharedData.WriteAllBytesSafe (System.String path, System.Byte[] data) [0x00078] in <35f45ff2c83241c0ab51857388306087>:0 
Cannot set the parent of the GameObject 'Pt Emerge' while activating or deactivating the parent GameObject 'Gilly'.
Unloading 1 Unused Serialized files (Serialized files now loaded: 583)
Unloading 1088 unused Assets to reduce memory usage. Loaded Objects now: 129309.
Total: 110.216700 ms (FindLiveObjects: 9.095600 ms CreateObjectMapping: 8.527600 ms MarkObjects: 86.267400 ms  DeleteObjects: 6.325800 ms)

PlayOneShot was called with a null AudioClip.
PlayOneShot was called with a null AudioClip.
PlayOneShot was called with a null AudioClip.
PlayOneShot was called with a null AudioClip.
PlayOneShot was called with a null AudioClip.
Failed to data to C:/Users/ADM/AppData/LocalLow/Team Cherry/Hollow Knight Silksong\6144\shared.dat: System.IO.FileNotFoundException: Unable to find the specified file.
  at System.IO.FileSystem.ReplaceFile (System.String sourceFullPath, System.String destFullPath, System.String destBackupFullPath, System.Boolean ignoreMetadataErrors) [0x0002c] in <e19fb1224222436ca0871ff12e7fb293>:0 
  at System.IO.File.Replace (System.String sourceFileName, System.String destinationFileName, System.String destinationBackupFileName, System.Boolean ignoreMetadataErrors) [0x00034] in <e19fb1224222436ca0871ff12e7fb293>:0 
  at JsonSharedData.WriteAllBytesSafe (System.String path, System.Byte[] data) [0x00078] in <35f45ff2c83241c0ab51857388306087>:0 
Cannot set the parent of the GameObject 'Pt Emerge' while activating or deactivating the parent GameObject 'Gilly'.
Unloading 1 Unused Serialized files (Serialized files now loaded: 583)
Unloading 1088 unused Assets to reduce memory usage. Loaded Objects now: 129332.
Total: 113.628700 ms (FindLiveObjects: 9.203700 ms CreateObjectMapping: 8.619300 ms MarkObjects: 89.267300 ms  DeleteObjects: 6.538000 ms)

PlayOneShot was called with a null AudioClip.
PlayOneShot was called with a null AudioClip.
Failed to data to C:/Users/ADM/AppData/LocalLow/Team Cherry/Hollow Knight Silksong\6144\shared.dat: System.IO.FileNotFoundException: Unable to find the specified file.
  at System.IO.FileSystem.ReplaceFile (System.String sourceFullPath, System.String destFullPath, System.String destBackupFullPath, System.Boolean ignoreMetadataErrors) [0x0002c] in <e19fb1224222436ca0871ff12e7fb293>:0 
  at System.IO.File.Replace (System.String sourceFileName, System.String destinationFileName, System.String destinationBackupFileName, System.Boolean ignoreMetadataErrors) [0x00034] in <e19fb1224222436ca0871ff12e7fb293>:0 
  at JsonSharedData.WriteAllBytesSafe (System.String path, System.Byte[] data) [0x00078] in <35f45ff2c83241c0ab51857388306087>:0 
Cannot set the parent of the GameObject 'Pt Emerge' while activating or deactivating the parent GameObject 'Gilly'.
Unloading 1 Unused Serialized files (Serialized files now loaded: 583)
Unloading 1088 unused Assets to reduce memory usage. Loaded Objects now: 129355.
Total: 118.108400 ms (FindLiveObjects: 9.138000 ms CreateObjectMapping: 8.817800 ms MarkObjects: 93.052700 ms  DeleteObjects: 7.099300 ms)

PlayOneShot was called with a null AudioClip.
PlayOneShot was called with a null AudioClip.
PlayOneShot was called with a null AudioClip.
PlayOneShot was called with a null AudioClip.
PlayOneShot was called with a null AudioClip.
PlayOneShot was called with a null AudioClip.
Failed to data to C:/Users/ADM/AppData/LocalLow/Team Cherry/Hollow Knight Silksong\6144\shared.dat: System.IO.FileNotFoundException: Unable to find the specified file.
  at System.IO.FileSystem.ReplaceFile (System.String sourceFullPath, System.String destFullPath, System.String destBackupFullPath, System.Boolean ignoreMetadataErrors) [0x0002c] in <e19fb1224222436ca0871ff12e7fb293>:0 
  at System.IO.File.Replace (System.String sourceFileName, System.String destinationFileName, System.String destinationBackupFileName, System.Boolean ignoreMetadataErrors) [0x00034] in <e19fb1224222436ca0871ff12e7fb293>:0 
  at JsonSharedData.WriteAllBytesSafe (System.String path, System.Byte[] data) [0x00078] in <35f45ff2c83241c0ab51857388306087>:0 
Cannot set the parent of the GameObject 'Pt Emerge' while activating or deactivating the parent GameObject 'Gilly'.
Unloading 1 Unused Serialized files (Serialized files now loaded: 583)
Unloading 1088 unused Assets to reduce memory usage. Loaded Objects now: 129378.
Total: 110.531000 ms (FindLiveObjects: 9.782400 ms CreateObjectMapping: 8.432000 ms MarkObjects: 85.746000 ms  DeleteObjects: 6.570300 ms)

PlayOneShot was called with a null AudioClip.
PlayOneShot was called with a null AudioClip.
PlayOneShot was called with a null AudioClip.
PlayOneShot was called with a null AudioClip.
PlayOneShot was called with a null AudioClip.
Failed to data to C:/Users/ADM/AppData/LocalLow/Team Cherry/Hollow Knight Silksong\6144\shared.dat: System.IO.FileNotFoundException: Unable to find the specified file.
  at System.IO.FileSystem.ReplaceFile (System.String sourceFullPath, System.String destFullPath, System.String destBackupFullPath, System.Boolean ignoreMetadataErrors) [0x0002c] in <e19fb1224222436ca0871ff12e7fb293>:0 
  at System.IO.File.Replace (System.String sourceFileName, System.String destinationFileName, System.String destinationBackupFileName, System.Boolean ignoreMetadataErrors) [0x00034] in <e19fb1224222436ca0871ff12e7fb293>:0 
  at JsonSharedData.WriteAllBytesSafe (System.String path, System.Byte[] data) [0x00078] in <35f45ff2c83241c0ab51857388306087>:0 
Cannot set the parent of the GameObject 'Pt Emerge' while activating or deactivating the parent GameObject 'Gilly'.
Unloading 1 Unused Serialized files (Serialized files now loaded: 583)
Unloading 1088 unused Assets to reduce memory usage. Loaded Objects now: 129401.
Total: 115.043000 ms (FindLiveObjects: 10.507200 ms CreateObjectMapping: 9.500700 ms MarkObjects: 88.456900 ms  DeleteObjects: 6.577900 ms)

PlayOneShot was called with a null AudioClip.
PlayOneShot was called with a null AudioClip.
PlayOneShot was called with a null AudioClip.
Failed to data to C:/Users/ADM/AppData/LocalLow/Team Cherry/Hollow Knight Silksong\6144\shared.dat: System.IO.FileNotFoundException: Unable to find the specified file.
  at System.IO.FileSystem.ReplaceFile (System.String sourceFullPath, System.String destFullPath, System.String destBackupFullPath, System.Boolean ignoreMetadataErrors) [0x0002c] in <e19fb1224222436ca0871ff12e7fb293>:0 
  at System.IO.File.Replace (System.String sourceFileName, System.String destinationFileName, System.String destinationBackupFileName, System.Boolean ignoreMetadataErrors) [0x00034] in <e19fb1224222436ca0871ff12e7fb293>:0 
  at JsonSharedData.WriteAllBytesSafe (System.String path, System.Byte[] data) [0x00078] in <35f45ff2c83241c0ab51857388306087>:0 
Cannot set the parent of the GameObject 'Pt Emerge' while activating or deactivating the parent GameObject 'Gilly'.
Unloading 1 Unused Serialized files (Serialized files now loaded: 583)
Unloading 1180 unused Assets to reduce memory usage. Loaded Objects now: 129430.
Total: 111.839200 ms (FindLiveObjects: 9.718100 ms CreateObjectMapping: 8.629600 ms MarkObjects: 85.941200 ms  DeleteObjects: 7.550100 ms)

PlayOneShot was called with a null AudioClip.
Failed to data to C:/Users/ADM/AppData/LocalLow/Team Cherry/Hollow Knight Silksong\6144\shared.dat: System.IO.FileNotFoundException: Unable to find the specified file.
  at System.IO.FileSystem.ReplaceFile (System.String sourceFullPath, System.String destFullPath, System.String destBackupFullPath, System.Boolean ignoreMetadataErrors) [0x0002c] in <e19fb1224222436ca0871ff12e7fb293>:0 
  at System.IO.File.Replace (System.String sourceFileName, System.String destinationFileName, System.String destinationBackupFileName, System.Boolean ignoreMetadataErrors) [0x00034] in <e19fb1224222436ca0871ff12e7fb293>:0 
  at JsonSharedData.WriteAllBytesSafe (System.String path, System.Byte[] data) [0x00078] in <35f45ff2c83241c0ab51857388306087>:0 
Cannot set the parent of the GameObject 'Pt Emerge' while activating or deactivating the parent GameObject 'Gilly'.
Unloading 1 Unused Serialized files (Serialized files now loaded: 583)
Unloading 1088 unused Assets to reduce memory usage. Loaded Objects now: 129453.
Total: 116.858100 ms (FindLiveObjects: 9.824800 ms CreateObjectMapping: 8.930500 ms MarkObjects: 90.557100 ms  DeleteObjects: 7.545400 ms)

PlayOneShot was called with a null AudioClip.
Cannot set the parent of the GameObject 'Pt Emerge' while activating or deactivating the parent GameObject 'Gilly'.
Failed to data to C:/Users/ADM/AppData/LocalLow/Team Cherry/Hollow Knight Silksong\6144\shared.dat: System.IO.FileNotFoundException: Unable to find the specified file.
  at System.IO.FileSystem.ReplaceFile (System.String sourceFullPath, System.String destFullPath, System.String destBackupFullPath, System.Boolean ignoreMetadataErrors) [0x0002c] in <e19fb1224222436ca0871ff12e7fb293>:0 
  at System.IO.File.Replace (System.String sourceFileName, System.String destinationFileName, System.String destinationBackupFileName, System.Boolean ignoreMetadataErrors) [0x00034] in <e19fb1224222436ca0871ff12e7fb293>:0 
  at JsonSharedData.WriteAllBytesSafe (System.String path, System.Byte[] data) [0x00078] in <35f45ff2c83241c0ab51857388306087>:0 
PlayOneShot was called with a null AudioClip.
PlayOneShot was called with a null AudioClip.
PlayOneShot was called with a null AudioClip.
PlayOneShot was called with a null AudioClip.
Failed to data to C:/Users/ADM/AppData/LocalLow/Team Cherry/Hollow Knight Silksong\6144\shared.dat: System.IO.FileNotFoundException: Unable to find the specified file.
  at System.IO.FileSystem.ReplaceFile (System.String sourceFullPath, System.String destFullPath, System.String destBackupFullPath, System.Boolean ignoreMetadataErrors) [0x0002c] in <e19fb1224222436ca0871ff12e7fb293>:0 
  at System.IO.File.Replace (System.String sourceFileName, System.String destinationFileName, System.String destinationBackupFileName, System.Boolean ignoreMetadataErrors) [0x00034] in <e19fb1224222436ca0871ff12e7fb293>:0 
  at JsonSharedData.WriteAllBytesSafe (System.String path, System.Byte[] data) [0x00078] in <35f45ff2c83241c0ab51857388306087>:0 
Cannot set the parent of the GameObject 'Pt Emerge' while activating or deactivating the parent GameObject 'Gilly'.
Unloading 1 Unused Serialized files (Serialized files now loaded: 583)
Unloading 1090 unused Assets to reduce memory usage. Loaded Objects now: 129485.
Total: 116.324000 ms (FindLiveObjects: 10.746200 ms CreateObjectMapping: 9.437000 ms MarkObjects: 89.621800 ms  DeleteObjects: 6.518400 ms)

PlayOneShot was called with a null AudioClip.
PlayOneShot was called with a null AudioClip.
PlayOneShot was called with a null AudioClip.
PlayOneShot was called with a null AudioClip.
Failed to data to C:/Users/ADM/AppData/LocalLow/Team Cherry/Hollow Knight Silksong\6144\shared.dat: System.IO.FileNotFoundException: Unable to find the specified file.
  at System.IO.FileSystem.ReplaceFile (System.String sourceFullPath, System.String destFullPath, System.String destBackupFullPath, System.Boolean ignoreMetadataErrors) [0x0002c] in <e19fb1224222436ca0871ff12e7fb293>:0 
  at System.IO.File.Replace (System.String sourceFileName, System.String destinationFileName, System.String destinationBackupFileName, System.Boolean ignoreMetadataErrors) [0x00034] in <e19fb1224222436ca0871ff12e7fb293>:0 
  at JsonSharedData.WriteAllBytesSafe (System.String path, System.Byte[] data) [0x00078] in <35f45ff2c83241c0ab51857388306087>:0 
Cannot set the parent of the GameObject 'Pt Emerge' while activating or deactivating the parent GameObject 'Gilly'.
Unloading 1 Unused Serialized files (Serialized files now loaded: 583)
Unloading 1088 unused Assets to reduce memory usage. Loaded Objects now: 129508.
Total: 110.671000 ms (FindLiveObjects: 9.442800 ms CreateObjectMapping: 8.499100 ms MarkObjects: 85.804000 ms  DeleteObjects: 6.924900 ms)

PlayOneShot was called with a null AudioClip.
PlayOneShot was called with a null AudioClip.
PlayOneShot was called with a null AudioClip.
Failed to data to C:/Users/ADM/AppData/LocalLow/Team Cherry/Hollow Knight Silksong\6144\shared.dat: System.IO.FileNotFoundException: Unable to find the specified file.
  at System.IO.FileSystem.ReplaceFile (System.String sourceFullPath, System.String destFullPath, System.String destBackupFullPath, System.Boolean ignoreMetadataErrors) [0x0002c] in <e19fb1224222436ca0871ff12e7fb293>:0 
  at System.IO.File.Replace (System.String sourceFileName, System.String destinationFileName, System.String destinationBackupFileName, System.Boolean ignoreMetadataErrors) [0x00034] in <e19fb1224222436ca0871ff12e7fb293>:0 
  at JsonSharedData.WriteAllBytesSafe (System.String path, System.Byte[] data) [0x00078] in <35f45ff2c83241c0ab51857388306087>:0 
Cannot set the parent of the GameObject 'Pt Emerge' while activating or deactivating the parent GameObject 'Gilly'.
Unloading 1 Unused Serialized files (Serialized files now loaded: 583)
Unloading 1091 unused Assets to reduce memory usage. Loaded Objects now: 129556.
Total: 115.452800 ms (FindLiveObjects: 9.400000 ms CreateObjectMapping: 8.875000 ms MarkObjects: 90.602600 ms  DeleteObjects: 6.574900 ms)

PlayOneShot was called with a null AudioClip.
PlayOneShot was called with a null AudioClip.
PlayOneShot was called with a null AudioClip.
PlayOneShot was called with a null AudioClip.
Failed to data to C:/Users/ADM/AppData/LocalLow/Team Cherry/Hollow Knight Silksong\6144\shared.dat: System.IO.FileNotFoundException: Unable to find the specified file.
  at System.IO.FileSystem.ReplaceFile (System.String sourceFullPath, System.String destFullPath, System.String destBackupFullPath, System.Boolean ignoreMetadataErrors) [0x0002c] in <e19fb1224222436ca0871ff12e7fb293>:0 
  at System.IO.File.Replace (System.String sourceFileName, System.String destinationFileName, System.String destinationBackupFileName, System.Boolean ignoreMetadataErrors) [0x00034] in <e19fb1224222436ca0871ff12e7fb293>:0 
  at JsonSharedData.WriteAllBytesSafe (System.String path, System.Byte[] data) [0x00078] in <35f45ff2c83241c0ab51857388306087>:0 
Cannot set the parent of the GameObject 'Pt Emerge' while activating or deactivating the parent GameObject 'Gilly'.
Unloading 1 Unused Serialized files (Serialized files now loaded: 583)
Unloading 1088 unused Assets to reduce memory usage. Loaded Objects now: 129579.
Total: 116.118000 ms (FindLiveObjects: 10.535800 ms CreateObjectMapping: 9.051200 ms MarkObjects: 90.021000 ms  DeleteObjects: 6.509600 ms)

PlayOneShot was called with a null AudioClip.
Can not play a disabled audio source
PlayOneShot was called with a null AudioClip.
Failed to data to C:/Users/ADM/AppData/LocalLow/Team Cherry/Hollow Knight Silksong\6144\shared.dat: System.IO.FileNotFoundException: Unable to find the specified file.
  at System.IO.FileSystem.ReplaceFile (System.String sourceFullPath, System.String destFullPath, System.String destBackupFullPath, System.Boolean ignoreMetadataErrors) [0x0002c] in <e19fb1224222436ca0871ff12e7fb293>:0 
  at System.IO.File.Replace (System.String sourceFileName, System.String destinationFileName, System.String destinationBackupFileName, System.Boolean ignoreMetadataErrors) [0x00034] in <e19fb1224222436ca0871ff12e7fb293>:0 
  at JsonSharedData.WriteAllBytesSafe (System.String path, System.Byte[] data) [0x00078] in <35f45ff2c83241c0ab51857388306087>:0 
Cannot set the parent of the GameObject 'Pt Emerge' while activating or deactivating the parent GameObject 'Gilly'.
Unloading 1 Unused Serialized files (Serialized files now loaded: 583)
Unloading 1088 unused Assets to reduce memory usage. Loaded Objects now: 129602.
Total: 111.891100 ms (FindLiveObjects: 9.348700 ms CreateObjectMapping: 8.965900 ms MarkObjects: 87.342900 ms  DeleteObjects: 6.233300 ms)

PlayOneShot was called with a null AudioClip.
PlayOneShot was called with a null AudioClip.
PlayOneShot was called with a null AudioClip.
PlayOneShot was called with a null AudioClip.
Failed to data to C:/Users/ADM/AppData/LocalLow/Team Cherry/Hollow Knight Silksong\6144\shared.dat: System.IO.FileNotFoundException: Unable to find the specified file.
  at System.IO.FileSystem.ReplaceFile (System.String sourceFullPath, System.String destFullPath, System.String destBackupFullPath, System.Boolean ignoreMetadataErrors) [0x0002c] in <e19fb1224222436ca0871ff12e7fb293>:0 
  at System.IO.File.Replace (System.String sourceFileName, System.String destinationFileName, System.String destinationBackupFileName, System.Boolean ignoreMetadataErrors) [0x00034] in <e19fb1224222436ca0871ff12e7fb293>:0 
  at JsonSharedData.WriteAllBytesSafe (System.String path, System.Byte[] data) [0x00078] in <35f45ff2c83241c0ab51857388306087>:0 
Cannot set the parent of the GameObject 'Pt Emerge' while activating or deactivating the parent GameObject 'Gilly'.
Unloading 1 Unused Serialized files (Serialized files now loaded: 583)
Unloading 1088 unused Assets to reduce memory usage. Loaded Objects now: 129625.
Total: 114.440800 ms (FindLiveObjects: 9.756900 ms CreateObjectMapping: 8.854500 ms MarkObjects: 89.626800 ms  DeleteObjects: 6.201900 ms)

PlayOneShot was called with a null AudioClip.
PlayOneShot was called with a null AudioClip.
PlayOneShot was called with a null AudioClip.
PlayOneShot was called with a null AudioClip.
PlayOneShot was called with a null AudioClip.
Failed to data to C:/Users/ADM/AppData/LocalLow/Team Cherry/Hollow Knight Silksong\6144\shared.dat: System.IO.FileNotFoundException: Unable to find the specified file.
  at System.IO.FileSystem.ReplaceFile (System.String sourceFullPath, System.String destFullPath, System.String destBackupFullPath, System.Boolean ignoreMetadataErrors) [0x0002c] in <e19fb1224222436ca0871ff12e7fb293>:0 
  at System.IO.File.Replace (System.String sourceFileName, System.String destinationFileName, System.String destinationBackupFileName, System.Boolean ignoreMetadataErrors) [0x00034] in <e19fb1224222436ca0871ff12e7fb293>:0 
  at JsonSharedData.WriteAllBytesSafe (System.String path, System.Byte[] data) [0x00078] in <35f45ff2c83241c0ab51857388306087>:0 
Cannot set the parent of the GameObject 'Pt Emerge' while activating or deactivating the parent GameObject 'Gilly'.
Unloading 1 Unused Serialized files (Serialized files now loaded: 583)
Unloading 1088 unused Assets to reduce memory usage. Loaded Objects now: 129648.
Total: 113.841200 ms (FindLiveObjects: 11.221500 ms CreateObjectMapping: 8.946100 ms MarkObjects: 87.319000 ms  DeleteObjects: 6.353900 ms)

PlayOneShot was called with a null AudioClip.
PlayOneShot was called with a null AudioClip.
Failed to data to C:/Users/ADM/AppData/LocalLow/Team Cherry/Hollow Knight Silksong\6144\shared.dat: System.IO.FileNotFoundException: Unable to find the specified file.
  at System.IO.FileSystem.ReplaceFile (System.String sourceFullPath, System.String destFullPath, System.String destBackupFullPath, System.Boolean ignoreMetadataErrors) [0x0002c] in <e19fb1224222436ca0871ff12e7fb293>:0 
  at System.IO.File.Replace (System.String sourceFileName, System.String destinationFileName, System.String destinationBackupFileName, System.Boolean ignoreMetadataErrors) [0x00034] in <e19fb1224222436ca0871ff12e7fb293>:0 
  at JsonSharedData.WriteAllBytesSafe (System.String path, System.Byte[] data) [0x00078] in <35f45ff2c83241c0ab51857388306087>:0 
Cannot set the parent of the GameObject 'Pt Emerge' while activating or deactivating the parent GameObject 'Gilly'.
Unloading 1 Unused Serialized files (Serialized files now loaded: 583)
Unloading 1088 unused Assets to reduce memory usage. Loaded Objects now: 129671.
Total: 112.465600 ms (FindLiveObjects: 9.861200 ms CreateObjectMapping: 8.991800 ms MarkObjects: 86.476500 ms  DeleteObjects: 7.135900 ms)

PlayOneShot was called with a null AudioClip.
Failed to data to C:/Users/ADM/AppData/LocalLow/Team Cherry/Hollow Knight Silksong\6144\shared.dat: System.IO.FileNotFoundException: Unable to find the specified file.
  at System.IO.FileSystem.ReplaceFile (System.String sourceFullPath, System.String destFullPath, System.String destBackupFullPath, System.Boolean ignoreMetadataErrors) [0x0002c] in <e19fb1224222436ca0871ff12e7fb293>:0 
  at System.IO.File.Replace (System.String sourceFileName, System.String destinationFileName, System.String destinationBackupFileName, System.Boolean ignoreMetadataErrors) [0x00034] in <e19fb1224222436ca0871ff12e7fb293>:0 
  at JsonSharedData.WriteAllBytesSafe (System.String path, System.Byte[] data) [0x00078] in <35f45ff2c83241c0ab51857388306087>:0 
PlayOneShot was called with a null AudioClip.
Cannot set the parent of the GameObject 'Pt Emerge' while activating or deactivating the parent GameObject 'Gilly'.
Unloading 1 Unused Serialized files (Serialized files now loaded: 583)
Unloading 1088 unused Assets to reduce memory usage. Loaded Objects now: 129694.
Total: 115.407900 ms (FindLiveObjects: 10.246000 ms CreateObjectMapping: 9.649700 ms MarkObjects: 88.465200 ms  DeleteObjects: 7.046700 ms)

PlayOneShot was called with a null AudioClip.
PlayOneShot was called with a null AudioClip.
PlayOneShot was called with a null AudioClip.
Failed to data to C:/Users/ADM/AppData/LocalLow/Team Cherry/Hollow Knight Silksong\6144\shared.dat: System.IO.FileNotFoundException: Unable to find the specified file.
  at System.IO.FileSystem.ReplaceFile (System.String sourceFullPath, System.String destFullPath, System.String destBackupFullPath, System.Boolean ignoreMetadataErrors) [0x0002c] in <e19fb1224222436ca0871ff12e7fb293>:0 
  at System.IO.File.Replace (System.String sourceFileName, System.String destinationFileName, System.String destinationBackupFileName, System.Boolean ignoreMetadataErrors) [0x00034] in <e19fb1224222436ca0871ff12e7fb293>:0 
  at JsonSharedData.WriteAllBytesSafe (System.String path, System.Byte[] data) [0x00078] in <35f45ff2c83241c0ab51857388306087>:0 
Cannot set the parent of the GameObject 'Pt Emerge' while activating or deactivating the parent GameObject 'Gilly'.
Unloading 1 Unused Serialized files (Serialized files now loaded: 583)
Unloading 1101 unused Assets to reduce memory usage. Loaded Objects now: 129717.
Total: 115.123900 ms (FindLiveObjects: 11.324900 ms CreateObjectMapping: 9.470400 ms MarkObjects: 87.724800 ms  DeleteObjects: 6.603400 ms)

PlayOneShot was called with a null AudioClip.
Failed to data to C:/Users/ADM/AppData/LocalLow/Team Cherry/Hollow Knight Silksong\6144\shared.dat: System.IO.FileNotFoundException: Unable to find the specified file.
  at System.IO.FileSystem.ReplaceFile (System.String sourceFullPath, System.String destFullPath, System.String destBackupFullPath, System.Boolean ignoreMetadataErrors) [0x0002c] in <e19fb1224222436ca0871ff12e7fb293>:0 
  at System.IO.File.Replace (System.String sourceFileName, System.String destinationFileName, System.String destinationBackupFileName, System.Boolean ignoreMetadataErrors) [0x00034] in <e19fb1224222436ca0871ff12e7fb293>:0 
  at JsonSharedData.WriteAllBytesSafe (System.String path, System.Byte[] data) [0x00078] in <35f45ff2c83241c0ab51857388306087>:0 
Cannot set the parent of the GameObject 'Pt Emerge' while activating or deactivating the parent GameObject 'Gilly'.
Unloading 1 Unused Serialized files (Serialized files now loaded: 583)
Unloading 1088 unused Assets to reduce memory usage. Loaded Objects now: 129740.
Total: 113.228500 ms (FindLiveObjects: 10.507700 ms CreateObjectMapping: 9.206200 ms MarkObjects: 86.761600 ms  DeleteObjects: 6.752700 ms)

PlayOneShot was called with a null AudioClip.
PlayOneShot was called with a null AudioClip.
PlayOneShot was called with a null AudioClip.
PlayOneShot was called with a null AudioClip.
PlayOneShot was called with a null AudioClip.
PlayOneShot was called with a null AudioClip.
Failed to data to C:/Users/ADM/AppData/LocalLow/Team Cherry/Hollow Knight Silksong\6144\shared.dat: System.IO.FileNotFoundException: Unable to find the specified file.
  at System.IO.FileSystem.ReplaceFile (System.String sourceFullPath, System.String destFullPath, System.String destBackupFullPath, System.Boolean ignoreMetadataErrors) [0x0002c] in <e19fb1224222436ca0871ff12e7fb293>:0 
  at System.IO.File.Replace (System.String sourceFileName, System.String destinationFileName, System.String destinationBackupFileName, System.Boolean ignoreMetadataErrors) [0x00034] in <e19fb1224222436ca0871ff12e7fb293>:0 
  at JsonSharedData.WriteAllBytesSafe (System.String path, System.Byte[] data) [0x00078] in <35f45ff2c83241c0ab51857388306087>:0 
Cannot set the parent of the GameObject 'Pt Emerge' while activating or deactivating the parent GameObject 'Gilly'.
Unloading 1 Unused Serialized files (Serialized files now loaded: 583)
Unloading 1088 unused Assets to reduce memory usage. Loaded Objects now: 129763.
Total: 115.792600 ms (FindLiveObjects: 9.604700 ms CreateObjectMapping: 8.668600 ms MarkObjects: 90.132600 ms  DeleteObjects: 7.386500 ms)

PlayOneShot was called with a null AudioClip.
PlayOneShot was called with a null AudioClip.
PlayOneShot was called with a null AudioClip.
PlayOneShot was called with a null AudioClip.
PlayOneShot was called with a null AudioClip.
Failed to data to C:/Users/ADM/AppData/LocalLow/Team Cherry/Hollow Knight Silksong\6144\shared.dat: System.IO.FileNotFoundException: Unable to find the specified file.
  at System.IO.FileSystem.ReplaceFile (System.String sourceFullPath, System.String destFullPath, System.String destBackupFullPath, System.Boolean ignoreMetadataErrors) [0x0002c] in <e19fb1224222436ca0871ff12e7fb293>:0 
  at System.IO.File.Replace (System.String sourceFileName, System.String destinationFileName, System.String destinationBackupFileName, System.Boolean ignoreMetadataErrors) [0x00034] in <e19fb1224222436ca0871ff12e7fb293>:0 
  at JsonSharedData.WriteAllBytesSafe (System.String path, System.Byte[] data) [0x00078] in <35f45ff2c83241c0ab51857388306087>:0 
Cannot set the parent of the GameObject 'Pt Emerge' while activating or deactivating the parent GameObject 'Gilly'.
Unloading 1 Unused Serialized files (Serialized files now loaded: 583)
Unloading 1088 unused Assets to reduce memory usage. Loaded Objects now: 129786.
Total: 114.156100 ms (FindLiveObjects: 9.714200 ms CreateObjectMapping: 8.554100 ms MarkObjects: 88.814700 ms  DeleteObjects: 7.072300 ms)

PlayOneShot was called with a null AudioClip.
PlayOneShot was called with a null AudioClip.
PlayOneShot was called with a null AudioClip.
PlayOneShot was called with a null AudioClip.
Failed to data to C:/Users/ADM/AppData/LocalLow/Team Cherry/Hollow Knight Silksong\6144\shared.dat: System.IO.FileNotFoundException: Unable to find the specified file.
  at System.IO.FileSystem.ReplaceFile (System.String sourceFullPath, System.String destFullPath, System.String destBackupFullPath, System.Boolean ignoreMetadataErrors) [0x0002c] in <e19fb1224222436ca0871ff12e7fb293>:0 
  at System.IO.File.Replace (System.String sourceFileName, System.String destinationFileName, System.String destinationBackupFileName, System.Boolean ignoreMetadataErrors) [0x00034] in <e19fb1224222436ca0871ff12e7fb293>:0 
  at JsonSharedData.WriteAllBytesSafe (System.String path, System.Byte[] data) [0x00078] in <35f45ff2c83241c0ab51857388306087>:0 
Cannot set the parent of the GameObject 'Pt Emerge' while activating or deactivating the parent GameObject 'Gilly'.
Unloading 1 Unused Serialized files (Serialized files now loaded: 583)
Unloading 1088 unused Assets to reduce memory usage. Loaded Objects now: 129809.
Total: 112.363700 ms (FindLiveObjects: 9.635700 ms CreateObjectMapping: 8.611400 ms MarkObjects: 87.516100 ms  DeleteObjects: 6.600300 ms)

PlayOneShot was called with a null AudioClip.
PlayOneShot was called with a null AudioClip.
PlayOneShot was called with a null AudioClip.
PlayOneShot was called with a null AudioClip.
PlayOneShot was called with a null AudioClip.
PlayOneShot was called with a null AudioClip.
PlayOneShot was called with a null AudioClip.
PlayOneShot was called with a null AudioClip.
PlayOneShot was called with a null AudioClip.
PlayOneShot was called with a null AudioClip.
Failed to data to C:/Users/ADM/AppData/LocalLow/Team Cherry/Hollow Knight Silksong\6144\shared.dat: System.IO.FileNotFoundException: Unable to find the specified file.
  at System.IO.FileSystem.ReplaceFile (System.String sourceFullPath, System.String destFullPath, System.String destBackupFullPath, System.Boolean ignoreMetadataErrors) [0x0002c] in <e19fb1224222436ca0871ff12e7fb293>:0 
  at System.IO.File.Replace (System.String sourceFileName, System.String destinationFileName, System.String destinationBackupFileName, System.Boolean ignoreMetadataErrors) [0x00034] in <e19fb1224222436ca0871ff12e7fb293>:0 
  at JsonSharedData.WriteAllBytesSafe (System.String path, System.Byte[] data) [0x00078] in <35f45ff2c83241c0ab51857388306087>:0 
Cannot set the parent of the GameObject 'Pt Emerge' while activating or deactivating the parent GameObject 'Gilly'.
Unloading 1 Unused Serialized files (Serialized files now loaded: 583)
Unloading 1091 unused Assets to reduce memory usage. Loaded Objects now: 129855.
Total: 118.108900 ms (FindLiveObjects: 9.995300 ms CreateObjectMapping: 9.627000 ms MarkObjects: 91.002600 ms  DeleteObjects: 7.483800 ms)

Shutting down Steam API.
Couldn't find a Game Manager, make sure one exists in the scene.
Couldn't find a Game Manager, make sure one exists in the scene.
Couldn't find a Game Manager, make sure one exists in the scene.
Couldn't find a Game Manager, make sure one exists in the scene.
Couldn't find a Game Manager, make sure one exists in the scene.
[Physics::Module] Cleanup current backned.
[Physics::Module] Id: 0xf2b8ea05
Input System module state changed to: ShutdownInProgress.
Input System polling thread stopped.
Input System polling thread exited.
Input System module state changed to: Shutdown.
